<?xml version="1.0" encoding="UTF-8"?>
<!-- Generated by org.testng.reporters.JUnitReportReporter -->
<testsuite skipped="0" hostname="Samrat-PC" name="myproject.SeleniumTest" tests="2" failures="0" timestamp="16 Sep 2018 15:07:47 GMT" time="0.000" errors="0">
  <testcase name="Browser" time="0.000" classname="myproject.SeleniumTest"/>
  <testcase name="UI" time="0.000" classname="myproject.SeleniumTest"/>
</testsuite> <!-- myproject.SeleniumTest -->
