<?xml version="1.0" encoding="UTF-8"?>
<!-- Generated by org.testng.reporters.JUnitReportReporter -->
<testsuite skipped="0" hostname="Samrat-PC" name="myproject.SeleniumTest" tests="2" failures="0" timestamp="15 Sep 2018 07:47:46 GMT" time="0.030" errors="0">
  <testcase name="UI" time="0.001" classname="myproject.SeleniumTest"/>
  <testcase name="Browser" time="0.029" classname="myproject.SeleniumTest"/>
</testsuite> <!-- myproject.SeleniumTest -->
