<?xml version="1.0" encoding="UTF-8"?>
<!-- Generated by org.testng.reporters.JUnitReportReporter -->
<testsuite skipped="0" hostname="Samrat-PC" name="myproject.APITest" tests="2" failures="0" timestamp="15 Sep 2018 07:47:46 GMT" time="0.001" errors="0">
  <testcase name="postALM" time="0.001" classname="myproject.APITest"/>
  <testcase name="postJIRA" time="0.000" classname="myproject.APITest"/>
</testsuite> <!-- myproject.APITest -->
